<?xml version="1.0" encoding="utf-8"?><testsuite errors="0" failures="0" name="pytest" skips="0" tests="13" time="0.446"><testcase classname="test.test_memory.TestMemory" name="test_best_fit" time="0.11919760704040527"/><testcase classname="test.test_memory.TestMemory" name="test_check_process_exists" time="0.01749277114868164"/><testcase classname="test.test_memory.TestMemory" name="test_compact" time="0.021014690399169922"/><testcase classname="test.test_memory.TestMemory" name="test_find_holes" time="0.020595073699951172"/><testcase classname="test.test_memory.TestMemory" name="test_first_fit" time="0.021294593811035156"/><testcase classname="test.test_memory.TestMemory" name="test_get_process_address" time="0.018184185028076172"/><testcase classname="test.test_memory.TestMemory" name="test_get_process_list" time="0.018849849700927734"/><testcase classname="test.test_memory.TestMemory" name="test_get_process_size" time="0.017735958099365234"/><testcase classname="test.test_memory.TestMemory" name="test_kill" time="0.018459796905517578"/><testcase classname="test.test_memory.TestMemory" name="test_worst_fit" time="0.021627187728881836"/><testcase classname="test.test_policies_panel.TestPloiciesPanel" name="test_update_list" time="0.022994518280029297"/><testcase classname="test.test_process_panel.TestProcessPanel" name="test_should_store_process_name" time="0.018330097198486328"/><testcase classname="test.test_process_panel.TestProcessPanel" name="test_should_store_process_size" time="0.021264076232910156"/></testsuite>